<?xml version="1.0" encoding="UTF-8"?>
<!-- Generated by org.testng.reporters.JUnitReportReporter -->
<testsuite hostname="Mohammad-Aqel" failures="0" tests="8" name="Almosafer_Project.MyTestCases" time="47.368" errors="0" timestamp="2024-02-03T10:19:00 EET" skipped="7">
  <testcase classname="Almosafer_Project.MyTestCases" name="HotelTabSwitch" time="47.368"/>
  <system-out/>
  <testcase classname="Almosafer_Project.MyTestCases" name="CheckTheNumberofPhone">
    <skipped/>
  </testcase> <!-- CheckTheNumberofPhone -->
  <system-out/>
  <testcase classname="Almosafer_Project.MyTestCases" name="CheckTheLanguage">
    <skipped/>
  </testcase> <!-- CheckTheLanguage -->
  <system-out/>
  <testcase classname="Almosafer_Project.MyTestCases" name="CheckHotelTapIsNotSelected">
    <skipped/>
  </testcase> <!-- CheckHotelTapIsNotSelected -->
  <system-out/>
  <testcase classname="Almosafer_Project.MyTestCases" name="ChangeTheLangugeOfTheWebsite">
    <skipped/>
  </testcase> <!-- ChangeTheLangugeOfTheWebsite -->
  <system-out/>
  <testcase classname="Almosafer_Project.MyTestCases" name="CheckTheDateOfTheWebsite">
    <skipped/>
  </testcase> <!-- CheckTheDateOfTheWebsite -->
  <system-out/>
  <testcase classname="Almosafer_Project.MyTestCases" name="CheckTheCaruncy">
    <skipped/>
  </testcase> <!-- CheckTheCaruncy -->
  <system-out/>
  <testcase classname="Almosafer_Project.MyTestCases" name="CheckQitafLogo">
    <skipped/>
  </testcase> <!-- CheckQitafLogo -->
  <system-out/>
</testsuite> <!-- Almosafer_Project.MyTestCases -->
