<?xml version="1.0" encoding="UTF-8"?>
<!-- Generated by org.testng.reporters.JUnitReportReporter -->
<testsuite hostname="Mohammad-Aqel" failures="0" tests="6" name="Almosafer_Project.MyTestCases" time="3.877" errors="0" timestamp="2024-01-22T17:20:01 EET" skipped="0">
  <testcase classname="Almosafer_Project.MyTestCases" name="CheckQitafLogo" time="0.100"/>
  <system-out/>
  <testcase classname="Almosafer_Project.MyTestCases" name="ChangeTheLangugeOfTheWebsite" time="3.563"/>
  <system-out/>
  <testcase classname="Almosafer_Project.MyTestCases" name="CheckTheLanguage" time="0.037"/>
  <system-out/>
  <testcase classname="Almosafer_Project.MyTestCases" name="CheckTheCaruncy" time="0.044"/>
  <system-out/>
  <testcase classname="Almosafer_Project.MyTestCases" name="CheckHotelTapIsNotSelected" time="0.090"/>
  <system-out/>
  <testcase classname="Almosafer_Project.MyTestCases" name="CheckTheNumberofPhone" time="0.043"/>
  <system-out/>
</testsuite> <!-- Almosafer_Project.MyTestCases -->
