<?xml version="1.0" encoding="UTF-8"?>
<!-- Generated by org.testng.reporters.JUnitReportReporter -->
<testsuite hostname="Mohammad-Aqel" failures="0" tests="7" name="Almosafer_Project.MyTestCases" time="1.981" errors="0" timestamp="2024-01-29T17:09:21 EET" skipped="6">
  <testcase classname="Almosafer_Project.MyTestCases" name="CheckTheDateOfTheWebsite" time="1.981"/>
  <system-out/>
  <testcase classname="Almosafer_Project.MyTestCases" name="CheckTheNumberofPhone">
    <skipped/>
  </testcase> <!-- CheckTheNumberofPhone -->
  <system-out/>
  <testcase classname="Almosafer_Project.MyTestCases" name="CheckTheLanguage">
    <skipped/>
  </testcase> <!-- CheckTheLanguage -->
  <system-out/>
  <testcase classname="Almosafer_Project.MyTestCases" name="CheckHotelTapIsNotSelected">
    <skipped/>
  </testcase> <!-- CheckHotelTapIsNotSelected -->
  <system-out/>
  <testcase classname="Almosafer_Project.MyTestCases" name="ChangeTheLangugeOfTheWebsite">
    <skipped/>
  </testcase> <!-- ChangeTheLangugeOfTheWebsite -->
  <system-out/>
  <testcase classname="Almosafer_Project.MyTestCases" name="CheckQitafLogo">
    <skipped/>
  </testcase> <!-- CheckQitafLogo -->
  <system-out/>
  <testcase classname="Almosafer_Project.MyTestCases" name="CheckTheCaruncy">
    <skipped/>
  </testcase> <!-- CheckTheCaruncy -->
  <system-out/>
</testsuite> <!-- Almosafer_Project.MyTestCases -->
